    0          792081          439568          328670        0.953707               0               0  1
    1          605812          383227          197167         1.00513          1.7259         56.3652  9
    2          322140          196484         83957.6         1.49527         47.5023          815.78  11
    3          216799          103567         62733.1          1.7302         132.976         1315.81  13
    4          162242         88759.6         23688.7         1.73561         156.685         1123.98  15
    5          140505         78592.8         12879.4         1.73274         175.374         967.499  17
    6          117215         58409.4         9567.34         1.75736         230.142         830.662  19
    7          102153         42936.8         8711.47         1.79841         306.981         801.824  21
    8         92501.7         37469.4         4019.44         1.81369         345.487         788.618  23
    9           87470         34071.7          2282.6         1.81624          362.74         779.213  25
   10         82598.6         29247.8         2254.08         1.81531         389.732         753.056  27
   11           79210         22130.7         6047.37         1.81246         460.956         683.138  29
   12         74522.3         21147.4         2594.39         1.80631         470.738         653.834  31
   13         72625.9         19652.2          2459.8         1.79875         490.753         618.283  33
   14           70580         17894.3         2419.07         1.78908         519.445         588.468  35
   15         69145.9         15620.4         3477.08          1.7738         568.778         571.882  37
   16         67128.1         14981.3         2094.93         1.76979         587.798         573.627  39
   17         66153.5           14512         1629.69          1.7653         594.111         581.787  41
   18         64965.4         13370.9         1649.17         1.75299         626.433           597.7  43
   19         63942.7         12726.9         1366.92         1.74298         652.269          602.59  45
   20         63315.5         12427.1         1138.95         1.73731         666.425         596.915  47
   21         62376.4         11656.5         1219.14         1.72146         708.675         584.199  49
   22         61942.4         11082.5         1546.06          1.7071         746.247         581.024  51
   23           61400         10767.5         1469.05         1.69718         767.775         579.014  53
   24         60964.5         10516.4         1497.55         1.68526         783.317          580.48  55
   25         60701.7         10327.4         1626.94         1.67243         800.046         587.249  57
   26         60387.4         10242.4         1575.85         1.66117         811.458         596.555  59
   27         60093.1         10221.2         1420.36         1.65481         813.595          602.66  61
   28         59692.2         10132.3         1324.03         1.63989         831.363         616.362  63
   29         59474.6         10054.9         1360.31         1.62278          860.42         637.552  65
   30         59214.1         10008.5         1216.62         1.61976         862.646         636.367  67
