    0                        9.92096         8.57869  1
    1                        9.26336         6.64442  9
    2                        6.63291         4.33582  11
    3                         4.8156         3.74791  13
    4                        4.45808         2.30309  15
    5                          4.195          1.6982  17
    6                        3.61645         1.46365  19
    7                        3.10067         1.39665  21
    8                        2.89654        0.948688  23
    9                        2.76209        0.714917  25
   10                         2.5591        0.710437  27
   11                        2.22607         1.16365  29
   12                        2.17605        0.762181  31
   13                        2.09772        0.742148  33
   14                        2.00169        0.735979  35
   15                        1.87019        0.882365  37
   16                        1.83153        0.684897  39
   17                        1.80262        0.604079  41
   18                         1.7303        0.607678  43
   19                        1.68811        0.553237  45
   20                        1.66811        0.505002  47
   21                        1.61557        0.522478  49
   22                        1.57529        0.588374  51
   23                        1.55274        0.573533  53
   24                        1.53453         0.57907  55
   25                        1.52068        0.603569  57
   26                         1.5144        0.594015  59
   27                        1.51284        0.563949  61
   28                        1.50624        0.544489  63
   29                        1.50048        0.551898  65
   30                        1.49701        0.521937  67
